[1.238s] Invoking command in '/home/soham/ros2_ws/src/mapping_package': PYTHONPATH=/home/soham/ros2_ws/build/mapping_package/prefix_override:/usr/lib/python3/dist-packages/colcon_core/task/python/colcon_distutils_commands:/home/soham/ros2_ws/install/mapping_package/lib/python3.10/site-packages:${PYTHONPATH} /usr/bin/python3 -W ignore:setup.py install is deprecated setup.py egg_info --egg-base ../../build/mapping_package build --build-base /home/soham/ros2_ws/build/mapping_package/build install --record /home/soham/ros2_ws/build/mapping_package/install.log --single-version-externally-managed install_data
[1.692s] running egg_info
[1.693s] writing ../../build/mapping_package/mapping_package.egg-info/PKG-INFO
[1.695s] writing dependency_links to ../../build/mapping_package/mapping_package.egg-info/dependency_links.txt
[1.696s] writing entry points to ../../build/mapping_package/mapping_package.egg-info/entry_points.txt
[1.696s] writing requirements to ../../build/mapping_package/mapping_package.egg-info/requires.txt
[1.696s] writing top-level names to ../../build/mapping_package/mapping_package.egg-info/top_level.txt
[1.699s] reading manifest file '../../build/mapping_package/mapping_package.egg-info/SOURCES.txt'
[1.699s] adding license file 'LICENSE'
[1.701s] writing manifest file '../../build/mapping_package/mapping_package.egg-info/SOURCES.txt'
[1.701s] running build
[1.701s] running build_py
[1.703s] running install
[1.703s] running install_lib
[1.706s] running install_data
[1.708s] running install_egg_info
[1.710s] removing '/home/soham/ros2_ws/install/mapping_package/lib/python3.10/site-packages/mapping_package-0.0.0-py3.10.egg-info' (and everything under it)
[1.711s] Copying ../../build/mapping_package/mapping_package.egg-info to /home/soham/ros2_ws/install/mapping_package/lib/python3.10/site-packages/mapping_package-0.0.0-py3.10.egg-info
[1.713s] running install_scripts
[1.751s] Installing mapping_node script to /home/soham/ros2_ws/install/mapping_package/lib/mapping_package
[1.754s] writing list of installed files to '/home/soham/ros2_ws/build/mapping_package/install.log'
[1.791s] Invoked command in '/home/soham/ros2_ws/src/mapping_package' returned '0': PYTHONPATH=/home/soham/ros2_ws/build/mapping_package/prefix_override:/usr/lib/python3/dist-packages/colcon_core/task/python/colcon_distutils_commands:/home/soham/ros2_ws/install/mapping_package/lib/python3.10/site-packages:${PYTHONPATH} /usr/bin/python3 -W ignore:setup.py install is deprecated setup.py egg_info --egg-base ../../build/mapping_package build --build-base /home/soham/ros2_ws/build/mapping_package/build install --record /home/soham/ros2_ws/build/mapping_package/install.log --single-version-externally-managed install_data
