[1.126s] Invoking command in '/home/soham/ros2_ws/src/mapping_package': PYTHONPATH=/home/soham/ros2_ws/build/mapping_package/prefix_override:/usr/lib/python3/dist-packages/colcon_core/task/python/colcon_distutils_commands:/home/soham/ros2_ws/install/mapping_package/lib/python3.10/site-packages:${PYTHONPATH} /usr/bin/python3 -W ignore:setup.py install is deprecated setup.py egg_info --egg-base ../../build/mapping_package build --build-base /home/soham/ros2_ws/build/mapping_package/build install --record /home/soham/ros2_ws/build/mapping_package/install.log --single-version-externally-managed install_data
[1.583s] running egg_info
[1.584s] writing ../../build/mapping_package/mapping_package.egg-info/PKG-INFO
[1.585s] writing dependency_links to ../../build/mapping_package/mapping_package.egg-info/dependency_links.txt
[1.585s] writing entry points to ../../build/mapping_package/mapping_package.egg-info/entry_points.txt
[1.586s] writing requirements to ../../build/mapping_package/mapping_package.egg-info/requires.txt
[1.586s] writing top-level names to ../../build/mapping_package/mapping_package.egg-info/top_level.txt
[1.590s] reading manifest file '../../build/mapping_package/mapping_package.egg-info/SOURCES.txt'
[1.590s] adding license file 'LICENSE'
[1.592s] writing manifest file '../../build/mapping_package/mapping_package.egg-info/SOURCES.txt'
[1.593s] running build
[1.593s] running build_py
[1.595s] copying mapping_package/path_planning_node.py -> /home/soham/ros2_ws/build/mapping_package/build/lib/mapping_package
[1.596s] running install
[1.596s] running install_lib
[1.598s] copying /home/soham/ros2_ws/build/mapping_package/build/lib/mapping_package/path_planning_node.py -> /home/soham/ros2_ws/install/mapping_package/lib/python3.10/site-packages/mapping_package
[1.599s] byte-compiling /home/soham/ros2_ws/install/mapping_package/lib/python3.10/site-packages/mapping_package/path_planning_node.py to path_planning_node.cpython-310.pyc
[1.604s] running install_data
[1.605s] running install_egg_info
[1.609s] removing '/home/soham/ros2_ws/install/mapping_package/lib/python3.10/site-packages/mapping_package-0.0.0-py3.10.egg-info' (and everything under it)
[1.610s] Copying ../../build/mapping_package/mapping_package.egg-info to /home/soham/ros2_ws/install/mapping_package/lib/python3.10/site-packages/mapping_package-0.0.0-py3.10.egg-info
[1.612s] running install_scripts
[1.650s] Installing mapping_node script to /home/soham/ros2_ws/install/mapping_package/lib/mapping_package
[1.650s] Installing path_planning_node script to /home/soham/ros2_ws/install/mapping_package/lib/mapping_package
[1.651s] writing list of installed files to '/home/soham/ros2_ws/build/mapping_package/install.log'
[1.694s] Invoked command in '/home/soham/ros2_ws/src/mapping_package' returned '0': PYTHONPATH=/home/soham/ros2_ws/build/mapping_package/prefix_override:/usr/lib/python3/dist-packages/colcon_core/task/python/colcon_distutils_commands:/home/soham/ros2_ws/install/mapping_package/lib/python3.10/site-packages:${PYTHONPATH} /usr/bin/python3 -W ignore:setup.py install is deprecated setup.py egg_info --egg-base ../../build/mapping_package build --build-base /home/soham/ros2_ws/build/mapping_package/build install --record /home/soham/ros2_ws/build/mapping_package/install.log --single-version-externally-managed install_data
