[1.069s] Invoking command in '/home/soham/ros2_ws/src/mapping_package': PYTHONPATH=/home/soham/ros2_ws/build/mapping_package/prefix_override:/home/soham/ros2_ws/install/mapping_package/lib/python3.10/site-packages:${PYTHONPATH} /usr/bin/python3 -W ignore:setup.py install is deprecated setup.py egg_info --egg-base ../../build/mapping_package build --build-base /home/soham/ros2_ws/build/mapping_package/build install --record /home/soham/ros2_ws/build/mapping_package/install.log --single-version-externally-managed install_data
[1.488s] running egg_info
[1.491s] writing ../../build/mapping_package/mapping_package.egg-info/PKG-INFO
[1.493s] writing dependency_links to ../../build/mapping_package/mapping_package.egg-info/dependency_links.txt
[1.493s] writing entry points to ../../build/mapping_package/mapping_package.egg-info/entry_points.txt
[1.494s] writing requirements to ../../build/mapping_package/mapping_package.egg-info/requires.txt
[1.494s] writing top-level names to ../../build/mapping_package/mapping_package.egg-info/top_level.txt
[1.497s] reading manifest file '../../build/mapping_package/mapping_package.egg-info/SOURCES.txt'
[1.497s] adding license file 'LICENSE'
[1.498s] writing manifest file '../../build/mapping_package/mapping_package.egg-info/SOURCES.txt'
[1.499s] running build
[1.499s] running build_py
[1.500s] copying mapping_package/mapping_node.py -> /home/soham/ros2_ws/build/mapping_package/build/lib/mapping_package
[1.500s] running install
[1.501s] running install_lib
[1.502s] copying /home/soham/ros2_ws/build/mapping_package/build/lib/mapping_package/mapping_node.py -> /home/soham/ros2_ws/install/mapping_package/lib/python3.10/site-packages/mapping_package
[1.504s] byte-compiling /home/soham/ros2_ws/install/mapping_package/lib/python3.10/site-packages/mapping_package/mapping_node.py to mapping_node.cpython-310.pyc
[1.507s] running install_data
[1.509s] running install_egg_info
[1.511s] removing '/home/soham/ros2_ws/install/mapping_package/lib/python3.10/site-packages/mapping_package-0.0.0-py3.10.egg-info' (and everything under it)
[1.512s] Copying ../../build/mapping_package/mapping_package.egg-info to /home/soham/ros2_ws/install/mapping_package/lib/python3.10/site-packages/mapping_package-0.0.0-py3.10.egg-info
[1.513s] running install_scripts
[1.548s] Installing mapping_node script to /home/soham/ros2_ws/install/mapping_package/lib/mapping_package
[1.549s] writing list of installed files to '/home/soham/ros2_ws/build/mapping_package/install.log'
[1.589s] Invoked command in '/home/soham/ros2_ws/src/mapping_package' returned '0': PYTHONPATH=/home/soham/ros2_ws/build/mapping_package/prefix_override:/home/soham/ros2_ws/install/mapping_package/lib/python3.10/site-packages:${PYTHONPATH} /usr/bin/python3 -W ignore:setup.py install is deprecated setup.py egg_info --egg-base ../../build/mapping_package build --build-base /home/soham/ros2_ws/build/mapping_package/build install --record /home/soham/ros2_ws/build/mapping_package/install.log --single-version-externally-managed install_data
