running egg_info
writing ../../build/mapping_package/mapping_package.egg-info/PKG-INFO
writing dependency_links to ../../build/mapping_package/mapping_package.egg-info/dependency_links.txt
writing entry points to ../../build/mapping_package/mapping_package.egg-info/entry_points.txt
writing requirements to ../../build/mapping_package/mapping_package.egg-info/requires.txt
writing top-level names to ../../build/mapping_package/mapping_package.egg-info/top_level.txt
reading manifest file '../../build/mapping_package/mapping_package.egg-info/SOURCES.txt'
adding license file 'LICENSE'
writing manifest file '../../build/mapping_package/mapping_package.egg-info/SOURCES.txt'
running build
running build_py
running install
running install_lib
running install_egg_info
removing '/home/soham/ros2_ws/install/mapping_package/lib/python3.10/site-packages/mapping_package-0.0.0-py3.10.egg-info' (and everything under it)
Copying ../../build/mapping_package/mapping_package.egg-info to /home/soham/ros2_ws/install/mapping_package/lib/python3.10/site-packages/mapping_package-0.0.0-py3.10.egg-info
running install_scripts
Installing mapping_node script to /home/soham/ros2_ws/install/mapping_package/lib/mapping_package
Installing path_planning_node script to /home/soham/ros2_ws/install/mapping_package/lib/mapping_package
writing list of installed files to '/home/soham/ros2_ws/build/mapping_package/install.log'
