[1.064s] Invoking command in '/home/soham/ros2_ws/src/mapping_package': PYTHONPATH=/home/soham/ros2_ws/build/mapping_package/prefix_override:/home/soham/ros2_ws/install/mapping_package/lib/python3.10/site-packages:${PYTHONPATH} /usr/bin/python3 -W ignore:setup.py install is deprecated setup.py egg_info --egg-base ../../build/mapping_package build --build-base /home/soham/ros2_ws/build/mapping_package/build install --record /home/soham/ros2_ws/build/mapping_package/install.log --single-version-externally-managed install_data
[1.454s] running egg_info
[1.456s] creating ../../build/mapping_package/mapping_package.egg-info
[1.456s] writing ../../build/mapping_package/mapping_package.egg-info/PKG-INFO
[1.457s] writing dependency_links to ../../build/mapping_package/mapping_package.egg-info/dependency_links.txt
[1.457s] writing entry points to ../../build/mapping_package/mapping_package.egg-info/entry_points.txt
[1.457s] writing requirements to ../../build/mapping_package/mapping_package.egg-info/requires.txt
[1.458s] writing top-level names to ../../build/mapping_package/mapping_package.egg-info/top_level.txt
[1.458s] writing manifest file '../../build/mapping_package/mapping_package.egg-info/SOURCES.txt'
[1.461s] reading manifest file '../../build/mapping_package/mapping_package.egg-info/SOURCES.txt'
[1.461s] adding license file 'LICENSE'
[1.463s] writing manifest file '../../build/mapping_package/mapping_package.egg-info/SOURCES.txt'
[1.463s] running build
[1.463s] running build_py
[1.463s] creating /home/soham/ros2_ws/build/mapping_package/build
[1.464s] creating /home/soham/ros2_ws/build/mapping_package/build/lib
[1.464s] creating /home/soham/ros2_ws/build/mapping_package/build/lib/mapping_package
[1.464s] copying mapping_package/mapping_node.py -> /home/soham/ros2_ws/build/mapping_package/build/lib/mapping_package
[1.467s] copying mapping_package/__init__.py -> /home/soham/ros2_ws/build/mapping_package/build/lib/mapping_package
[1.468s] running install
[1.469s] running install_lib
[1.470s] creating /home/soham/ros2_ws/install/mapping_package/lib/python3.10/site-packages/mapping_package
[1.470s] copying /home/soham/ros2_ws/build/mapping_package/build/lib/mapping_package/mapping_node.py -> /home/soham/ros2_ws/install/mapping_package/lib/python3.10/site-packages/mapping_package
[1.471s] copying /home/soham/ros2_ws/build/mapping_package/build/lib/mapping_package/__init__.py -> /home/soham/ros2_ws/install/mapping_package/lib/python3.10/site-packages/mapping_package
[1.471s] byte-compiling /home/soham/ros2_ws/install/mapping_package/lib/python3.10/site-packages/mapping_package/mapping_node.py to mapping_node.cpython-310.pyc
[1.472s] byte-compiling /home/soham/ros2_ws/install/mapping_package/lib/python3.10/site-packages/mapping_package/__init__.py to __init__.cpython-310.pyc
[1.472s] running install_data
[1.473s] creating /home/soham/ros2_ws/install/mapping_package/share/ament_index
[1.473s] creating /home/soham/ros2_ws/install/mapping_package/share/ament_index/resource_index
[1.473s] creating /home/soham/ros2_ws/install/mapping_package/share/ament_index/resource_index/packages
[1.473s] copying resource/mapping_package -> /home/soham/ros2_ws/install/mapping_package/share/ament_index/resource_index/packages
[1.474s] copying package.xml -> /home/soham/ros2_ws/install/mapping_package/share/mapping_package
[1.474s] running install_egg_info
[1.476s] Copying ../../build/mapping_package/mapping_package.egg-info to /home/soham/ros2_ws/install/mapping_package/lib/python3.10/site-packages/mapping_package-0.0.0-py3.10.egg-info
[1.478s] running install_scripts
[1.512s] Installing mapping_node script to /home/soham/ros2_ws/install/mapping_package/lib/mapping_package
[1.513s] writing list of installed files to '/home/soham/ros2_ws/build/mapping_package/install.log'
[1.544s] Invoked command in '/home/soham/ros2_ws/src/mapping_package' returned '0': PYTHONPATH=/home/soham/ros2_ws/build/mapping_package/prefix_override:/home/soham/ros2_ws/install/mapping_package/lib/python3.10/site-packages:${PYTHONPATH} /usr/bin/python3 -W ignore:setup.py install is deprecated setup.py egg_info --egg-base ../../build/mapping_package build --build-base /home/soham/ros2_ws/build/mapping_package/build install --record /home/soham/ros2_ws/build/mapping_package/install.log --single-version-externally-managed install_data
