[1.014s] Invoking command in '/home/soham/ros2_ws/src/mapping_package': PYTHONPATH=/home/soham/ros2_ws/build/mapping_package/prefix_override:/home/soham/ros2_ws/install/mapping_package/lib/python3.10/site-packages:${PYTHONPATH} /usr/bin/python3 -W ignore:setup.py install is deprecated setup.py egg_info --egg-base ../../build/mapping_package build --build-base /home/soham/ros2_ws/build/mapping_package/build install --record /home/soham/ros2_ws/build/mapping_package/install.log --single-version-externally-managed install_data
[1.414s] running egg_info
[1.415s] writing ../../build/mapping_package/mapping_package.egg-info/PKG-INFO
[1.415s] writing dependency_links to ../../build/mapping_package/mapping_package.egg-info/dependency_links.txt
[1.416s] writing entry points to ../../build/mapping_package/mapping_package.egg-info/entry_points.txt
[1.416s] writing requirements to ../../build/mapping_package/mapping_package.egg-info/requires.txt
[1.416s] writing top-level names to ../../build/mapping_package/mapping_package.egg-info/top_level.txt
[1.419s] reading manifest file '../../build/mapping_package/mapping_package.egg-info/SOURCES.txt'
[1.419s] adding license file 'LICENSE'
[1.420s] writing manifest file '../../build/mapping_package/mapping_package.egg-info/SOURCES.txt'
[1.420s] running build
[1.421s] running build_py
[1.421s] copying mapping_package/mapping_node.py -> /home/soham/ros2_ws/build/mapping_package/build/lib/mapping_package
[1.421s] running install
[1.422s] running install_lib
[1.423s] copying /home/soham/ros2_ws/build/mapping_package/build/lib/mapping_package/mapping_node.py -> /home/soham/ros2_ws/install/mapping_package/lib/python3.10/site-packages/mapping_package
[1.423s] byte-compiling /home/soham/ros2_ws/install/mapping_package/lib/python3.10/site-packages/mapping_package/mapping_node.py to mapping_node.cpython-310.pyc
[1.427s] running install_data
[1.427s] running install_egg_info
[1.429s] removing '/home/soham/ros2_ws/install/mapping_package/lib/python3.10/site-packages/mapping_package-0.0.0-py3.10.egg-info' (and everything under it)
[1.430s] Copying ../../build/mapping_package/mapping_package.egg-info to /home/soham/ros2_ws/install/mapping_package/lib/python3.10/site-packages/mapping_package-0.0.0-py3.10.egg-info
[1.431s] running install_scripts
[1.465s] Installing mapping_node script to /home/soham/ros2_ws/install/mapping_package/lib/mapping_package
[1.466s] writing list of installed files to '/home/soham/ros2_ws/build/mapping_package/install.log'
[1.502s] Invoked command in '/home/soham/ros2_ws/src/mapping_package' returned '0': PYTHONPATH=/home/soham/ros2_ws/build/mapping_package/prefix_override:/home/soham/ros2_ws/install/mapping_package/lib/python3.10/site-packages:${PYTHONPATH} /usr/bin/python3 -W ignore:setup.py install is deprecated setup.py egg_info --egg-base ../../build/mapping_package build --build-base /home/soham/ros2_ws/build/mapping_package/build install --record /home/soham/ros2_ws/build/mapping_package/install.log --single-version-externally-managed install_data
