[1.038s] Invoking command in '/home/soham/ros2_ws/src/mapping_package': PYTHONPATH=/home/soham/ros2_ws/build/mapping_package/prefix_override:/usr/lib/python3/dist-packages/colcon_core/task/python/colcon_distutils_commands:/home/soham/ros2_ws/install/mapping_package/lib/python3.10/site-packages:${PYTHONPATH} /usr/bin/python3 -W ignore:setup.py install is deprecated setup.py egg_info --egg-base ../../build/mapping_package build --build-base /home/soham/ros2_ws/build/mapping_package/build install --record /home/soham/ros2_ws/build/mapping_package/install.log --single-version-externally-managed install_data
[1.457s] running egg_info
[1.459s] writing ../../build/mapping_package/mapping_package.egg-info/PKG-INFO
[1.460s] writing dependency_links to ../../build/mapping_package/mapping_package.egg-info/dependency_links.txt
[1.461s] writing entry points to ../../build/mapping_package/mapping_package.egg-info/entry_points.txt
[1.461s] writing requirements to ../../build/mapping_package/mapping_package.egg-info/requires.txt
[1.461s] writing top-level names to ../../build/mapping_package/mapping_package.egg-info/top_level.txt
[1.465s] reading manifest file '../../build/mapping_package/mapping_package.egg-info/SOURCES.txt'
[1.466s] adding license file 'LICENSE'
[1.468s] writing manifest file '../../build/mapping_package/mapping_package.egg-info/SOURCES.txt'
[1.468s] running build
[1.468s] running build_py
[1.469s] copying mapping_package/path_planning_node.py -> /home/soham/ros2_ws/build/mapping_package/build/lib/mapping_package
[1.470s] running install
[1.470s] running install_lib
[1.472s] copying /home/soham/ros2_ws/build/mapping_package/build/lib/mapping_package/path_planning_node.py -> /home/soham/ros2_ws/install/mapping_package/lib/python3.10/site-packages/mapping_package
[1.473s] byte-compiling /home/soham/ros2_ws/install/mapping_package/lib/python3.10/site-packages/mapping_package/path_planning_node.py to path_planning_node.cpython-310.pyc
[1.477s] running install_data
[1.477s] running install_egg_info
[1.480s] removing '/home/soham/ros2_ws/install/mapping_package/lib/python3.10/site-packages/mapping_package-0.0.0-py3.10.egg-info' (and everything under it)
[1.480s] Copying ../../build/mapping_package/mapping_package.egg-info to /home/soham/ros2_ws/install/mapping_package/lib/python3.10/site-packages/mapping_package-0.0.0-py3.10.egg-info
[1.482s] running install_scripts
[1.515s] Installing mapping_node script to /home/soham/ros2_ws/install/mapping_package/lib/mapping_package
[1.516s] Installing path_planning_node script to /home/soham/ros2_ws/install/mapping_package/lib/mapping_package
[1.517s] writing list of installed files to '/home/soham/ros2_ws/build/mapping_package/install.log'
[1.556s] Invoked command in '/home/soham/ros2_ws/src/mapping_package' returned '0': PYTHONPATH=/home/soham/ros2_ws/build/mapping_package/prefix_override:/usr/lib/python3/dist-packages/colcon_core/task/python/colcon_distutils_commands:/home/soham/ros2_ws/install/mapping_package/lib/python3.10/site-packages:${PYTHONPATH} /usr/bin/python3 -W ignore:setup.py install is deprecated setup.py egg_info --egg-base ../../build/mapping_package build --build-base /home/soham/ros2_ws/build/mapping_package/build install --record /home/soham/ros2_ws/build/mapping_package/install.log --single-version-externally-managed install_data
