[1.078s] Invoking command in '/home/soham/ros2_ws/src/mapping_package': PYTHONPATH=/home/soham/ros2_ws/build/mapping_package/prefix_override:/usr/lib/python3/dist-packages/colcon_core/task/python/colcon_distutils_commands:/home/soham/ros2_ws/install/mapping_package/lib/python3.10/site-packages:${PYTHONPATH} /usr/bin/python3 -W ignore:setup.py install is deprecated setup.py egg_info --egg-base ../../build/mapping_package build --build-base /home/soham/ros2_ws/build/mapping_package/build install --record /home/soham/ros2_ws/build/mapping_package/install.log --single-version-externally-managed install_data
[1.493s] running egg_info
[1.494s] writing ../../build/mapping_package/mapping_package.egg-info/PKG-INFO
[1.497s] writing dependency_links to ../../build/mapping_package/mapping_package.egg-info/dependency_links.txt
[1.497s] writing entry points to ../../build/mapping_package/mapping_package.egg-info/entry_points.txt
[1.497s] writing requirements to ../../build/mapping_package/mapping_package.egg-info/requires.txt
[1.498s] writing top-level names to ../../build/mapping_package/mapping_package.egg-info/top_level.txt
[1.500s] reading manifest file '../../build/mapping_package/mapping_package.egg-info/SOURCES.txt'
[1.501s] adding license file 'LICENSE'
[1.502s] writing manifest file '../../build/mapping_package/mapping_package.egg-info/SOURCES.txt'
[1.502s] running build
[1.502s] running build_py
[1.504s] running install
[1.504s] running install_lib
[1.507s] running install_data
[1.508s] running install_egg_info
[1.512s] removing '/home/soham/ros2_ws/install/mapping_package/lib/python3.10/site-packages/mapping_package-0.0.0-py3.10.egg-info' (and everything under it)
[1.512s] Copying ../../build/mapping_package/mapping_package.egg-info to /home/soham/ros2_ws/install/mapping_package/lib/python3.10/site-packages/mapping_package-0.0.0-py3.10.egg-info
[1.513s] running install_scripts
[1.550s] Installing mapping_node script to /home/soham/ros2_ws/install/mapping_package/lib/mapping_package
[1.551s] Installing path_following script to /home/soham/ros2_ws/install/mapping_package/lib/mapping_package
[1.551s] Installing path_planning script to /home/soham/ros2_ws/install/mapping_package/lib/mapping_package
[1.552s] writing list of installed files to '/home/soham/ros2_ws/build/mapping_package/install.log'
[1.582s] Invoked command in '/home/soham/ros2_ws/src/mapping_package' returned '0': PYTHONPATH=/home/soham/ros2_ws/build/mapping_package/prefix_override:/usr/lib/python3/dist-packages/colcon_core/task/python/colcon_distutils_commands:/home/soham/ros2_ws/install/mapping_package/lib/python3.10/site-packages:${PYTHONPATH} /usr/bin/python3 -W ignore:setup.py install is deprecated setup.py egg_info --egg-base ../../build/mapping_package build --build-base /home/soham/ros2_ws/build/mapping_package/build install --record /home/soham/ros2_ws/build/mapping_package/install.log --single-version-externally-managed install_data
