/home/soham/ros2_ws/install/mapping_package/lib/python3.10/site-packages/mapping_package/path_planning.py
/home/soham/ros2_ws/install/mapping_package/lib/python3.10/site-packages/mapping_package/path_following.py
/home/soham/ros2_ws/install/mapping_package/lib/python3.10/site-packages/mapping_package/mapping_node.py
/home/soham/ros2_ws/install/mapping_package/lib/python3.10/site-packages/mapping_package/path_planning_node.py
/home/soham/ros2_ws/install/mapping_package/lib/python3.10/site-packages/mapping_package/__init__.py
/home/soham/ros2_ws/install/mapping_package/lib/python3.10/site-packages/mapping_package/__pycache__/path_planning.cpython-310.pyc
/home/soham/ros2_ws/install/mapping_package/lib/python3.10/site-packages/mapping_package/__pycache__/path_following.cpython-310.pyc
/home/soham/ros2_ws/install/mapping_package/lib/python3.10/site-packages/mapping_package/__pycache__/mapping_node.cpython-310.pyc
/home/soham/ros2_ws/install/mapping_package/lib/python3.10/site-packages/mapping_package/__pycache__/path_planning_node.cpython-310.pyc
/home/soham/ros2_ws/install/mapping_package/lib/python3.10/site-packages/mapping_package/__pycache__/__init__.cpython-310.pyc
/home/soham/ros2_ws/install/mapping_package/share/ament_index/resource_index/packages/mapping_package
/home/soham/ros2_ws/install/mapping_package/share/mapping_package/package.xml
/home/soham/ros2_ws/install/mapping_package/share/mapping_package
/home/soham/ros2_ws/install/mapping_package/lib/python3.10/site-packages/mapping_package-0.0.0-py3.10.egg-info/top_level.txt
/home/soham/ros2_ws/install/mapping_package/lib/python3.10/site-packages/mapping_package-0.0.0-py3.10.egg-info/dependency_links.txt
/home/soham/ros2_ws/install/mapping_package/lib/python3.10/site-packages/mapping_package-0.0.0-py3.10.egg-info/PKG-INFO
/home/soham/ros2_ws/install/mapping_package/lib/python3.10/site-packages/mapping_package-0.0.0-py3.10.egg-info/zip-safe
/home/soham/ros2_ws/install/mapping_package/lib/python3.10/site-packages/mapping_package-0.0.0-py3.10.egg-info/entry_points.txt
/home/soham/ros2_ws/install/mapping_package/lib/python3.10/site-packages/mapping_package-0.0.0-py3.10.egg-info/requires.txt
/home/soham/ros2_ws/install/mapping_package/lib/python3.10/site-packages/mapping_package-0.0.0-py3.10.egg-info/SOURCES.txt
/home/soham/ros2_ws/install/mapping_package/lib/mapping_package/mapping_node
/home/soham/ros2_ws/install/mapping_package/lib/mapping_package/path_planning_node
