[1.051s] Invoking command in '/home/soham/ros2_ws/src/mapping_package': PYTHONPATH=/home/soham/ros2_ws/build/mapping_package/prefix_override:/usr/lib/python3/dist-packages/colcon_core/task/python/colcon_distutils_commands:/home/soham/ros2_ws/install/mapping_package/lib/python3.10/site-packages:${PYTHONPATH} /usr/bin/python3 -W ignore:setup.py install is deprecated setup.py egg_info --egg-base ../../build/mapping_package build --build-base /home/soham/ros2_ws/build/mapping_package/build install --record /home/soham/ros2_ws/build/mapping_package/install.log --single-version-externally-managed install_data
[1.457s] running egg_info
[1.458s] writing ../../build/mapping_package/mapping_package.egg-info/PKG-INFO
[1.458s] writing dependency_links to ../../build/mapping_package/mapping_package.egg-info/dependency_links.txt
[1.458s] writing entry points to ../../build/mapping_package/mapping_package.egg-info/entry_points.txt
[1.459s] writing requirements to ../../build/mapping_package/mapping_package.egg-info/requires.txt
[1.459s] writing top-level names to ../../build/mapping_package/mapping_package.egg-info/top_level.txt
[1.462s] reading manifest file '../../build/mapping_package/mapping_package.egg-info/SOURCES.txt'
[1.462s] adding license file 'LICENSE'
[1.463s] writing manifest file '../../build/mapping_package/mapping_package.egg-info/SOURCES.txt'
[1.464s] running build
[1.464s] running build_py
[1.464s] copying mapping_package/path_planning.py -> /home/soham/ros2_ws/build/mapping_package/build/lib/mapping_package
[1.464s] copying mapping_package/path_following.py -> /home/soham/ros2_ws/build/mapping_package/build/lib/mapping_package
[1.465s] running install
[1.465s] running install_lib
[1.466s] copying /home/soham/ros2_ws/build/mapping_package/build/lib/mapping_package/path_planning.py -> /home/soham/ros2_ws/install/mapping_package/lib/python3.10/site-packages/mapping_package
[1.466s] copying /home/soham/ros2_ws/build/mapping_package/build/lib/mapping_package/path_following.py -> /home/soham/ros2_ws/install/mapping_package/lib/python3.10/site-packages/mapping_package
[1.467s] byte-compiling /home/soham/ros2_ws/install/mapping_package/lib/python3.10/site-packages/mapping_package/path_planning.py to path_planning.cpython-310.pyc
[1.470s] byte-compiling /home/soham/ros2_ws/install/mapping_package/lib/python3.10/site-packages/mapping_package/path_following.py to path_following.cpython-310.pyc
[1.471s] /home/soham/ros2_ws/install/mapping_package/lib/python3.10/site-packages/mapping_package/path_following.py:68: SyntaxWarning: 'float' object is not callable; perhaps you missed a comma?
[1.471s]   t0 = +2.0 (w * x + y * z)
[1.471s] /home/soham/ros2_ws/install/mapping_package/lib/python3.10/site-packages/mapping_package/path_following.py:69: SyntaxWarning: 'float' object is not callable; perhaps you missed a comma?
[1.472s]   t1 = +1.0 - 2.0 (x * x + y * y)
[1.472s] /home/soham/ros2_ws/install/mapping_package/lib/python3.10/site-packages/mapping_package/path_following.py:72: SyntaxWarning: 'float' object is not callable; perhaps you missed a comma?
[1.472s]   t2 = +2.0 (w * y - z * x)
[1.472s] /home/soham/ros2_ws/install/mapping_package/lib/python3.10/site-packages/mapping_package/path_following.py:77: SyntaxWarning: 'float' object is not callable; perhaps you missed a comma?
[1.472s]   t3 = +2.0 (w * z + x * y)
[1.472s] /home/soham/ros2_ws/install/mapping_package/lib/python3.10/site-packages/mapping_package/path_following.py:78: SyntaxWarning: 'float' object is not callable; perhaps you missed a comma?
[1.472s]   t4 = +1.0 - 2.0 (y * y + z * z)
[1.472s] running install_data
[1.472s] running install_egg_info
[1.474s] removing '/home/soham/ros2_ws/install/mapping_package/lib/python3.10/site-packages/mapping_package-0.0.0-py3.10.egg-info' (and everything under it)
[1.474s] Copying ../../build/mapping_package/mapping_package.egg-info to /home/soham/ros2_ws/install/mapping_package/lib/python3.10/site-packages/mapping_package-0.0.0-py3.10.egg-info
[1.475s] running install_scripts
[1.510s] Installing mapping_node script to /home/soham/ros2_ws/install/mapping_package/lib/mapping_package
[1.510s] Installing path_following script to /home/soham/ros2_ws/install/mapping_package/lib/mapping_package
[1.510s] Installing path_planning script to /home/soham/ros2_ws/install/mapping_package/lib/mapping_package
[1.511s] writing list of installed files to '/home/soham/ros2_ws/build/mapping_package/install.log'
[1.553s] Invoked command in '/home/soham/ros2_ws/src/mapping_package' returned '0': PYTHONPATH=/home/soham/ros2_ws/build/mapping_package/prefix_override:/usr/lib/python3/dist-packages/colcon_core/task/python/colcon_distutils_commands:/home/soham/ros2_ws/install/mapping_package/lib/python3.10/site-packages:${PYTHONPATH} /usr/bin/python3 -W ignore:setup.py install is deprecated setup.py egg_info --egg-base ../../build/mapping_package build --build-base /home/soham/ros2_ws/build/mapping_package/build install --record /home/soham/ros2_ws/build/mapping_package/install.log --single-version-externally-managed install_data
