[1.475s] Invoking command in '/home/soham/ros2_ws/src/mapping_package': PYTHONPATH=/home/soham/ros2_ws/build/mapping_package/prefix_override:/usr/lib/python3/dist-packages/colcon_core/task/python/colcon_distutils_commands:/home/soham/ros2_ws/install/mapping_package/lib/python3.10/site-packages:${PYTHONPATH} /usr/bin/python3 -W ignore:setup.py install is deprecated setup.py egg_info --egg-base ../../build/mapping_package build --build-base /home/soham/ros2_ws/build/mapping_package/build install --record /home/soham/ros2_ws/build/mapping_package/install.log --single-version-externally-managed install_data
[2.046s] running egg_info
[2.056s] writing ../../build/mapping_package/mapping_package.egg-info/PKG-INFO
[2.056s] writing dependency_links to ../../build/mapping_package/mapping_package.egg-info/dependency_links.txt
[2.056s] writing entry points to ../../build/mapping_package/mapping_package.egg-info/entry_points.txt
[2.056s] writing requirements to ../../build/mapping_package/mapping_package.egg-info/requires.txt
[2.056s] writing top-level names to ../../build/mapping_package/mapping_package.egg-info/top_level.txt
[2.063s] reading manifest file '../../build/mapping_package/mapping_package.egg-info/SOURCES.txt'
[2.063s] adding license file 'LICENSE'
[2.067s] writing manifest file '../../build/mapping_package/mapping_package.egg-info/SOURCES.txt'
[2.067s] running build
[2.067s] running build_py
[2.068s] running install
[2.068s] running install_lib
[2.068s] running install_data
[2.068s] running install_egg_info
[2.072s] removing '/home/soham/ros2_ws/install/mapping_package/lib/python3.10/site-packages/mapping_package-0.0.0-py3.10.egg-info' (and everything under it)
[2.073s] Copying ../../build/mapping_package/mapping_package.egg-info to /home/soham/ros2_ws/install/mapping_package/lib/python3.10/site-packages/mapping_package-0.0.0-py3.10.egg-info
[2.074s] running install_scripts
[2.121s] Installing mapping_node script to /home/soham/ros2_ws/install/mapping_package/lib/mapping_package
[2.122s] Installing path_planning_node script to /home/soham/ros2_ws/install/mapping_package/lib/mapping_package
[2.123s] writing list of installed files to '/home/soham/ros2_ws/build/mapping_package/install.log'
[2.174s] Invoked command in '/home/soham/ros2_ws/src/mapping_package' returned '0': PYTHONPATH=/home/soham/ros2_ws/build/mapping_package/prefix_override:/usr/lib/python3/dist-packages/colcon_core/task/python/colcon_distutils_commands:/home/soham/ros2_ws/install/mapping_package/lib/python3.10/site-packages:${PYTHONPATH} /usr/bin/python3 -W ignore:setup.py install is deprecated setup.py egg_info --egg-base ../../build/mapping_package build --build-base /home/soham/ros2_ws/build/mapping_package/build install --record /home/soham/ros2_ws/build/mapping_package/install.log --single-version-externally-managed install_data
