[0.456s] DEBUG:colcon:Command line arguments: ['/usr/bin/colcon', 'build']
[0.456s] DEBUG:colcon:Parsed command line arguments: Namespace(log_base=None, log_level=None, verb_name='build', build_base='build', install_base='install', merge_install=False, symlink_install=False, test_result_base=None, continue_on_error=False, executor='parallel', parallel_workers=2, event_handlers=None, ignore_user_meta=False, metas=['./colcon.meta'], base_paths=['.'], packages_ignore=None, packages_ignore_regex=None, paths=None, packages_up_to=None, packages_up_to_regex=None, packages_above=None, packages_above_and_dependencies=None, packages_above_depth=None, packages_select_by_dep=None, packages_skip_by_dep=None, packages_skip_up_to=None, packages_select_build_failed=False, packages_skip_build_finished=False, packages_select_test_failures=False, packages_skip_test_passed=False, packages_select=None, packages_skip=None, packages_select_regex=None, packages_skip_regex=None, packages_start=None, packages_end=None, allow_overriding=[], cmake_args=None, cmake_target=None, cmake_target_skip_unavailable=False, cmake_clean_cache=False, cmake_clean_first=False, cmake_force_configure=False, ament_cmake_args=None, catkin_cmake_args=None, catkin_skip_building_tests=False, mixin_files=None, mixin=None, verb_parser=<colcon_mixin.mixin.mixin_argument.MixinArgumentDecorator object at 0x7b22ea4122c0>, verb_extension=<colcon_core.verb.build.BuildVerb object at 0x7b22ea58a6b0>, main=<bound method BuildVerb.main of <colcon_core.verb.build.BuildVerb object at 0x7b22ea58a6b0>>, mixin_verb=('build',))
[0.882s] Level 1:colcon.colcon_core.package_discovery:discover_packages(colcon_meta) check parameters
[0.882s] Level 1:colcon.colcon_core.package_discovery:discover_packages(recursive) check parameters
[0.883s] Level 1:colcon.colcon_core.package_discovery:discover_packages(ignore) check parameters
[0.883s] Level 1:colcon.colcon_core.package_discovery:discover_packages(path) check parameters
[0.883s] Level 1:colcon.colcon_core.package_discovery:discover_packages(colcon_meta) discover
[0.883s] Level 1:colcon.colcon_core.package_discovery:discover_packages(recursive) discover
[0.883s] INFO:colcon.colcon_core.package_discovery:Crawling recursively for packages in '/home/soham/ros2_ws'
[0.883s] Level 1:colcon.colcon_core.package_identification:_identify(.) by extensions ['ignore', 'ignore_ament_install']
[0.883s] Level 1:colcon.colcon_core.package_identification:_identify(.) by extension 'ignore'
[0.883s] Level 1:colcon.colcon_core.package_identification:_identify(.) by extension 'ignore_ament_install'
[0.883s] Level 1:colcon.colcon_core.package_identification:_identify(.) by extensions ['colcon_pkg']
[0.883s] Level 1:colcon.colcon_core.package_identification:_identify(.) by extension 'colcon_pkg'
[0.884s] Level 1:colcon.colcon_core.package_identification:_identify(.) by extensions ['colcon_meta']
[0.884s] Level 1:colcon.colcon_core.package_identification:_identify(.) by extension 'colcon_meta'
[0.884s] Level 1:colcon.colcon_core.package_identification:_identify(.) by extensions ['ros']
[0.884s] Level 1:colcon.colcon_core.package_identification:_identify(.) by extension 'ros'
[0.907s] Level 1:colcon.colcon_core.package_identification:_identify(.) by extensions ['cmake', 'python']
[0.907s] Level 1:colcon.colcon_core.package_identification:_identify(.) by extension 'cmake'
[0.907s] Level 1:colcon.colcon_core.package_identification:_identify(.) by extension 'python'
[0.907s] Level 1:colcon.colcon_core.package_identification:_identify(.) by extensions ['python_setup_py']
[0.907s] Level 1:colcon.colcon_core.package_identification:_identify(.) by extension 'python_setup_py'
[0.907s] Level 1:colcon.colcon_core.package_identification:_identify(build) by extensions ['ignore', 'ignore_ament_install']
[0.907s] Level 1:colcon.colcon_core.package_identification:_identify(build) by extension 'ignore'
[0.907s] Level 1:colcon.colcon_core.package_identification:_identify(build) ignored
[0.908s] Level 1:colcon.colcon_core.package_identification:_identify(install) by extensions ['ignore', 'ignore_ament_install']
[0.908s] Level 1:colcon.colcon_core.package_identification:_identify(install) by extension 'ignore'
[0.908s] Level 1:colcon.colcon_core.package_identification:_identify(install) ignored
[0.908s] Level 1:colcon.colcon_core.package_identification:_identify(log) by extensions ['ignore', 'ignore_ament_install']
[0.908s] Level 1:colcon.colcon_core.package_identification:_identify(log) by extension 'ignore'
[0.908s] Level 1:colcon.colcon_core.package_identification:_identify(log) ignored
[0.909s] Level 1:colcon.colcon_core.package_identification:_identify(rosbag2_2024_05_14-14_16_37) by extensions ['ignore', 'ignore_ament_install']
[0.909s] Level 1:colcon.colcon_core.package_identification:_identify(rosbag2_2024_05_14-14_16_37) by extension 'ignore'
[0.909s] Level 1:colcon.colcon_core.package_identification:_identify(rosbag2_2024_05_14-14_16_37) by extension 'ignore_ament_install'
[0.910s] Level 1:colcon.colcon_core.package_identification:_identify(rosbag2_2024_05_14-14_16_37) by extensions ['colcon_pkg']
[0.910s] Level 1:colcon.colcon_core.package_identification:_identify(rosbag2_2024_05_14-14_16_37) by extension 'colcon_pkg'
[0.910s] Level 1:colcon.colcon_core.package_identification:_identify(rosbag2_2024_05_14-14_16_37) by extensions ['colcon_meta']
[0.910s] Level 1:colcon.colcon_core.package_identification:_identify(rosbag2_2024_05_14-14_16_37) by extension 'colcon_meta'
[0.910s] Level 1:colcon.colcon_core.package_identification:_identify(rosbag2_2024_05_14-14_16_37) by extensions ['ros']
[0.910s] Level 1:colcon.colcon_core.package_identification:_identify(rosbag2_2024_05_14-14_16_37) by extension 'ros'
[0.910s] Level 1:colcon.colcon_core.package_identification:_identify(rosbag2_2024_05_14-14_16_37) by extensions ['cmake', 'python']
[0.910s] Level 1:colcon.colcon_core.package_identification:_identify(rosbag2_2024_05_14-14_16_37) by extension 'cmake'
[0.910s] Level 1:colcon.colcon_core.package_identification:_identify(rosbag2_2024_05_14-14_16_37) by extension 'python'
[0.910s] Level 1:colcon.colcon_core.package_identification:_identify(rosbag2_2024_05_14-14_16_37) by extensions ['python_setup_py']
[0.910s] Level 1:colcon.colcon_core.package_identification:_identify(rosbag2_2024_05_14-14_16_37) by extension 'python_setup_py'
[0.910s] Level 1:colcon.colcon_core.package_identification:_identify(src) by extensions ['ignore', 'ignore_ament_install']
[0.911s] Level 1:colcon.colcon_core.package_identification:_identify(src) by extension 'ignore'
[0.911s] Level 1:colcon.colcon_core.package_identification:_identify(src) by extension 'ignore_ament_install'
[0.911s] Level 1:colcon.colcon_core.package_identification:_identify(src) by extensions ['colcon_pkg']
[0.911s] Level 1:colcon.colcon_core.package_identification:_identify(src) by extension 'colcon_pkg'
[0.911s] Level 1:colcon.colcon_core.package_identification:_identify(src) by extensions ['colcon_meta']
[0.911s] Level 1:colcon.colcon_core.package_identification:_identify(src) by extension 'colcon_meta'
[0.911s] Level 1:colcon.colcon_core.package_identification:_identify(src) by extensions ['ros']
[0.911s] Level 1:colcon.colcon_core.package_identification:_identify(src) by extension 'ros'
[0.911s] Level 1:colcon.colcon_core.package_identification:_identify(src) by extensions ['cmake', 'python']
[0.911s] Level 1:colcon.colcon_core.package_identification:_identify(src) by extension 'cmake'
[0.911s] Level 1:colcon.colcon_core.package_identification:_identify(src) by extension 'python'
[0.911s] Level 1:colcon.colcon_core.package_identification:_identify(src) by extensions ['python_setup_py']
[0.911s] Level 1:colcon.colcon_core.package_identification:_identify(src) by extension 'python_setup_py'
[0.912s] Level 1:colcon.colcon_core.package_identification:_identify(src/launch) by extensions ['ignore', 'ignore_ament_install']
[0.912s] Level 1:colcon.colcon_core.package_identification:_identify(src/launch) by extension 'ignore'
[0.912s] Level 1:colcon.colcon_core.package_identification:_identify(src/launch) by extension 'ignore_ament_install'
[0.913s] Level 1:colcon.colcon_core.package_identification:_identify(src/launch) by extensions ['colcon_pkg']
[0.913s] Level 1:colcon.colcon_core.package_identification:_identify(src/launch) by extension 'colcon_pkg'
[0.913s] Level 1:colcon.colcon_core.package_identification:_identify(src/launch) by extensions ['colcon_meta']
[0.913s] Level 1:colcon.colcon_core.package_identification:_identify(src/launch) by extension 'colcon_meta'
[0.913s] Level 1:colcon.colcon_core.package_identification:_identify(src/launch) by extensions ['ros']
[0.913s] Level 1:colcon.colcon_core.package_identification:_identify(src/launch) by extension 'ros'
[0.913s] Level 1:colcon.colcon_core.package_identification:_identify(src/launch) by extensions ['cmake', 'python']
[0.913s] Level 1:colcon.colcon_core.package_identification:_identify(src/launch) by extension 'cmake'
[0.913s] Level 1:colcon.colcon_core.package_identification:_identify(src/launch) by extension 'python'
[0.913s] Level 1:colcon.colcon_core.package_identification:_identify(src/launch) by extensions ['python_setup_py']
[0.913s] Level 1:colcon.colcon_core.package_identification:_identify(src/launch) by extension 'python_setup_py'
[0.914s] Level 1:colcon.colcon_core.package_identification:_identify(src/launch/__pycache__) by extensions ['ignore', 'ignore_ament_install']
[0.914s] Level 1:colcon.colcon_core.package_identification:_identify(src/launch/__pycache__) by extension 'ignore'
[0.914s] Level 1:colcon.colcon_core.package_identification:_identify(src/launch/__pycache__) by extension 'ignore_ament_install'
[0.914s] Level 1:colcon.colcon_core.package_identification:_identify(src/launch/__pycache__) by extensions ['colcon_pkg']
[0.914s] Level 1:colcon.colcon_core.package_identification:_identify(src/launch/__pycache__) by extension 'colcon_pkg'
[0.914s] Level 1:colcon.colcon_core.package_identification:_identify(src/launch/__pycache__) by extensions ['colcon_meta']
[0.914s] Level 1:colcon.colcon_core.package_identification:_identify(src/launch/__pycache__) by extension 'colcon_meta'
[0.915s] Level 1:colcon.colcon_core.package_identification:_identify(src/launch/__pycache__) by extensions ['ros']
[0.915s] Level 1:colcon.colcon_core.package_identification:_identify(src/launch/__pycache__) by extension 'ros'
[0.915s] Level 1:colcon.colcon_core.package_identification:_identify(src/launch/__pycache__) by extensions ['cmake', 'python']
[0.915s] Level 1:colcon.colcon_core.package_identification:_identify(src/launch/__pycache__) by extension 'cmake'
[0.915s] Level 1:colcon.colcon_core.package_identification:_identify(src/launch/__pycache__) by extension 'python'
[0.915s] Level 1:colcon.colcon_core.package_identification:_identify(src/launch/__pycache__) by extensions ['python_setup_py']
[0.915s] Level 1:colcon.colcon_core.package_identification:_identify(src/launch/__pycache__) by extension 'python_setup_py'
[0.916s] Level 1:colcon.colcon_core.package_identification:_identify(src/launch/build) by extensions ['ignore', 'ignore_ament_install']
[0.916s] Level 1:colcon.colcon_core.package_identification:_identify(src/launch/build) by extension 'ignore'
[0.916s] Level 1:colcon.colcon_core.package_identification:_identify(src/launch/build) ignored
[0.917s] Level 1:colcon.colcon_core.package_identification:_identify(src/launch/install) by extensions ['ignore', 'ignore_ament_install']
[0.917s] Level 1:colcon.colcon_core.package_identification:_identify(src/launch/install) by extension 'ignore'
[0.917s] Level 1:colcon.colcon_core.package_identification:_identify(src/launch/install) ignored
[0.918s] Level 1:colcon.colcon_core.package_identification:_identify(src/launch/log) by extensions ['ignore', 'ignore_ament_install']
[0.918s] Level 1:colcon.colcon_core.package_identification:_identify(src/launch/log) by extension 'ignore'
[0.918s] Level 1:colcon.colcon_core.package_identification:_identify(src/launch/log) ignored
[0.919s] Level 1:colcon.colcon_core.package_identification:_identify(src/map_image) by extensions ['ignore', 'ignore_ament_install']
[0.919s] Level 1:colcon.colcon_core.package_identification:_identify(src/map_image) by extension 'ignore'
[0.919s] Level 1:colcon.colcon_core.package_identification:_identify(src/map_image) by extension 'ignore_ament_install'
[0.919s] Level 1:colcon.colcon_core.package_identification:_identify(src/map_image) by extensions ['colcon_pkg']
[0.919s] Level 1:colcon.colcon_core.package_identification:_identify(src/map_image) by extension 'colcon_pkg'
[0.919s] Level 1:colcon.colcon_core.package_identification:_identify(src/map_image) by extensions ['colcon_meta']
[0.919s] Level 1:colcon.colcon_core.package_identification:_identify(src/map_image) by extension 'colcon_meta'
[0.919s] Level 1:colcon.colcon_core.package_identification:_identify(src/map_image) by extensions ['ros']
[0.919s] Level 1:colcon.colcon_core.package_identification:_identify(src/map_image) by extension 'ros'
[0.919s] Level 1:colcon.colcon_core.package_identification:_identify(src/map_image) by extensions ['cmake', 'python']
[0.919s] Level 1:colcon.colcon_core.package_identification:_identify(src/map_image) by extension 'cmake'
[0.919s] Level 1:colcon.colcon_core.package_identification:_identify(src/map_image) by extension 'python'
[0.919s] Level 1:colcon.colcon_core.package_identification:_identify(src/map_image) by extensions ['python_setup_py']
[0.919s] Level 1:colcon.colcon_core.package_identification:_identify(src/map_image) by extension 'python_setup_py'
[0.920s] Level 1:colcon.colcon_core.package_identification:_identify(src/mapping_package) by extensions ['ignore', 'ignore_ament_install']
[0.920s] Level 1:colcon.colcon_core.package_identification:_identify(src/mapping_package) by extension 'ignore'
[0.920s] Level 1:colcon.colcon_core.package_identification:_identify(src/mapping_package) by extension 'ignore_ament_install'
[0.921s] Level 1:colcon.colcon_core.package_identification:_identify(src/mapping_package) by extensions ['colcon_pkg']
[0.921s] Level 1:colcon.colcon_core.package_identification:_identify(src/mapping_package) by extension 'colcon_pkg'
[0.921s] Level 1:colcon.colcon_core.package_identification:_identify(src/mapping_package) by extensions ['colcon_meta']
[0.921s] Level 1:colcon.colcon_core.package_identification:_identify(src/mapping_package) by extension 'colcon_meta'
[0.921s] Level 1:colcon.colcon_core.package_identification:_identify(src/mapping_package) by extensions ['ros']
[0.921s] Level 1:colcon.colcon_core.package_identification:_identify(src/mapping_package) by extension 'ros'
[0.928s] DEBUG:colcon.colcon_core.package_identification:Package 'src/mapping_package' with type 'ros.ament_python' and name 'mapping_package'
[0.928s] Level 1:colcon.colcon_core.package_identification:_identify(src/rviz) by extensions ['ignore', 'ignore_ament_install']
[0.929s] Level 1:colcon.colcon_core.package_identification:_identify(src/rviz) by extension 'ignore'
[0.929s] Level 1:colcon.colcon_core.package_identification:_identify(src/rviz) by extension 'ignore_ament_install'
[0.929s] Level 1:colcon.colcon_core.package_identification:_identify(src/rviz) by extensions ['colcon_pkg']
[0.929s] Level 1:colcon.colcon_core.package_identification:_identify(src/rviz) by extension 'colcon_pkg'
[0.929s] Level 1:colcon.colcon_core.package_identification:_identify(src/rviz) by extensions ['colcon_meta']
[0.929s] Level 1:colcon.colcon_core.package_identification:_identify(src/rviz) by extension 'colcon_meta'
[0.929s] Level 1:colcon.colcon_core.package_identification:_identify(src/rviz) by extensions ['ros']
[0.929s] Level 1:colcon.colcon_core.package_identification:_identify(src/rviz) by extension 'ros'
[0.929s] Level 1:colcon.colcon_core.package_identification:_identify(src/rviz) by extensions ['cmake', 'python']
[0.929s] Level 1:colcon.colcon_core.package_identification:_identify(src/rviz) by extension 'cmake'
[0.929s] Level 1:colcon.colcon_core.package_identification:_identify(src/rviz) by extension 'python'
[0.929s] Level 1:colcon.colcon_core.package_identification:_identify(src/rviz) by extensions ['python_setup_py']
[0.929s] Level 1:colcon.colcon_core.package_identification:_identify(src/rviz) by extension 'python_setup_py'
[0.929s] Level 1:colcon.colcon_core.package_discovery:discover_packages(recursive) using defaults
[0.930s] Level 1:colcon.colcon_core.package_discovery:discover_packages(ignore) discover
[0.930s] Level 1:colcon.colcon_core.package_discovery:discover_packages(ignore) using defaults
[0.930s] Level 1:colcon.colcon_core.package_discovery:discover_packages(path) discover
[0.930s] Level 1:colcon.colcon_core.package_discovery:discover_packages(path) using defaults
[0.987s] Level 1:colcon.colcon_core.package_discovery:discover_packages(prefix_path) check parameters
[0.987s] Level 1:colcon.colcon_core.package_discovery:discover_packages(prefix_path) discover
[0.994s] DEBUG:colcon.colcon_installed_package_information.package_discovery:Found 352 installed packages in /opt/ros/humble
[1.011s] Level 1:colcon.colcon_core.package_discovery:discover_packages(prefix_path) using defaults
[1.103s] Level 5:colcon.colcon_core.verb:set package 'mapping_package' build argument 'cmake_args' from command line to 'None'
[1.103s] Level 5:colcon.colcon_core.verb:set package 'mapping_package' build argument 'cmake_target' from command line to 'None'
[1.103s] Level 5:colcon.colcon_core.verb:set package 'mapping_package' build argument 'cmake_target_skip_unavailable' from command line to 'False'
[1.103s] Level 5:colcon.colcon_core.verb:set package 'mapping_package' build argument 'cmake_clean_cache' from command line to 'False'
[1.103s] Level 5:colcon.colcon_core.verb:set package 'mapping_package' build argument 'cmake_clean_first' from command line to 'False'
[1.103s] Level 5:colcon.colcon_core.verb:set package 'mapping_package' build argument 'cmake_force_configure' from command line to 'False'
[1.103s] Level 5:colcon.colcon_core.verb:set package 'mapping_package' build argument 'ament_cmake_args' from command line to 'None'
[1.103s] Level 5:colcon.colcon_core.verb:set package 'mapping_package' build argument 'catkin_cmake_args' from command line to 'None'
[1.103s] Level 5:colcon.colcon_core.verb:set package 'mapping_package' build argument 'catkin_skip_building_tests' from command line to 'False'
[1.103s] DEBUG:colcon.colcon_core.verb:Building package 'mapping_package' with the following arguments: {'ament_cmake_args': None, 'build_base': '/home/soham/ros2_ws/build/mapping_package', 'catkin_cmake_args': None, 'catkin_skip_building_tests': False, 'cmake_args': None, 'cmake_clean_cache': False, 'cmake_clean_first': False, 'cmake_force_configure': False, 'cmake_target': None, 'cmake_target_skip_unavailable': False, 'install_base': '/home/soham/ros2_ws/install/mapping_package', 'merge_install': False, 'path': '/home/soham/ros2_ws/src/mapping_package', 'symlink_install': False, 'test_result_base': None}
[1.103s] INFO:colcon.colcon_core.executor:Executing jobs using 'parallel' executor
[1.105s] DEBUG:colcon.colcon_parallel_executor.executor.parallel:run_until_complete
[1.105s] INFO:colcon.colcon_ros.task.ament_python.build:Building ROS package in '/home/soham/ros2_ws/src/mapping_package' with build type 'ament_python'
[1.105s] Level 1:colcon.colcon_core.shell:create_environment_hook('mapping_package', 'ament_prefix_path')
[1.113s] INFO:colcon.colcon_core.plugin_system:Skipping extension 'colcon_core.shell.bat': Not used on non-Windows systems
[1.114s] INFO:colcon.colcon_core.shell:Creating environment hook '/home/soham/ros2_ws/install/mapping_package/share/mapping_package/hook/ament_prefix_path.ps1'
[1.116s] INFO:colcon.colcon_core.shell:Creating environment descriptor '/home/soham/ros2_ws/install/mapping_package/share/mapping_package/hook/ament_prefix_path.dsv'
[1.120s] INFO:colcon.colcon_core.shell:Creating environment hook '/home/soham/ros2_ws/install/mapping_package/share/mapping_package/hook/ament_prefix_path.sh'
[1.122s] INFO:colcon.colcon_core.shell:Skip shell extension 'powershell' for command environment: Not usable outside of PowerShell
[1.122s] DEBUG:colcon.colcon_core.shell:Skip shell extension 'dsv' for command environment
[1.575s] INFO:colcon.colcon_core.task.python.build:Building Python package in '/home/soham/ros2_ws/src/mapping_package'
[1.576s] INFO:colcon.colcon_core.shell:Skip shell extension 'powershell' for command environment: Not usable outside of PowerShell
[1.576s] DEBUG:colcon.colcon_core.shell:Skip shell extension 'dsv' for command environment
[2.220s] DEBUG:colcon.colcon_core.event_handler.log_command:Invoking command in '/home/soham/ros2_ws/src/mapping_package': PYTHONPATH=/home/soham/ros2_ws/build/mapping_package/prefix_override:/usr/lib/python3/dist-packages/colcon_core/task/python/colcon_distutils_commands:/home/soham/ros2_ws/install/mapping_package/lib/python3.10/site-packages:${PYTHONPATH} /usr/bin/python3 -W ignore:setup.py install is deprecated setup.py egg_info --egg-base ../../build/mapping_package build --build-base /home/soham/ros2_ws/build/mapping_package/build install --record /home/soham/ros2_ws/build/mapping_package/install.log --single-version-externally-managed install_data
[2.750s] DEBUG:colcon.colcon_core.event_handler.log_command:Invoked command in '/home/soham/ros2_ws/src/mapping_package' returned '0': PYTHONPATH=/home/soham/ros2_ws/build/mapping_package/prefix_override:/usr/lib/python3/dist-packages/colcon_core/task/python/colcon_distutils_commands:/home/soham/ros2_ws/install/mapping_package/lib/python3.10/site-packages:${PYTHONPATH} /usr/bin/python3 -W ignore:setup.py install is deprecated setup.py egg_info --egg-base ../../build/mapping_package build --build-base /home/soham/ros2_ws/build/mapping_package/build install --record /home/soham/ros2_ws/build/mapping_package/install.log --single-version-externally-managed install_data
[2.760s] Level 1:colcon.colcon_core.environment:checking '/home/soham/ros2_ws/install/mapping_package' for CMake module files
[2.761s] Level 1:colcon.colcon_core.environment:checking '/home/soham/ros2_ws/install/mapping_package' for CMake config files
[2.765s] Level 1:colcon.colcon_core.environment:checking '/home/soham/ros2_ws/install/mapping_package/lib'
[2.765s] Level 1:colcon.colcon_core.environment:checking '/home/soham/ros2_ws/install/mapping_package/bin'
[2.766s] Level 1:colcon.colcon_core.environment:checking '/home/soham/ros2_ws/install/mapping_package/lib/pkgconfig/mapping_package.pc'
[2.766s] Level 1:colcon.colcon_core.environment:checking '/home/soham/ros2_ws/install/mapping_package/lib/python3.10/site-packages'
[2.766s] Level 1:colcon.colcon_core.shell:create_environment_hook('mapping_package', 'pythonpath')
[2.766s] INFO:colcon.colcon_core.shell:Creating environment hook '/home/soham/ros2_ws/install/mapping_package/share/mapping_package/hook/pythonpath.ps1'
[2.767s] INFO:colcon.colcon_core.shell:Creating environment descriptor '/home/soham/ros2_ws/install/mapping_package/share/mapping_package/hook/pythonpath.dsv'
[2.768s] INFO:colcon.colcon_core.shell:Creating environment hook '/home/soham/ros2_ws/install/mapping_package/share/mapping_package/hook/pythonpath.sh'
[2.769s] Level 1:colcon.colcon_core.environment:checking '/home/soham/ros2_ws/install/mapping_package/bin'
[2.769s] Level 1:colcon.colcon_core.environment:create_environment_scripts_only(mapping_package)
[2.770s] INFO:colcon.colcon_core.shell:Creating package script '/home/soham/ros2_ws/install/mapping_package/share/mapping_package/package.ps1'
[2.771s] INFO:colcon.colcon_core.shell:Creating package descriptor '/home/soham/ros2_ws/install/mapping_package/share/mapping_package/package.dsv'
[2.772s] INFO:colcon.colcon_core.shell:Creating package script '/home/soham/ros2_ws/install/mapping_package/share/mapping_package/package.sh'
[2.774s] INFO:colcon.colcon_core.shell:Creating package script '/home/soham/ros2_ws/install/mapping_package/share/mapping_package/package.bash'
[2.776s] INFO:colcon.colcon_core.shell:Creating package script '/home/soham/ros2_ws/install/mapping_package/share/mapping_package/package.zsh'
[2.777s] Level 1:colcon.colcon_core.environment:create_file_with_runtime_dependencies(/home/soham/ros2_ws/install/mapping_package/share/colcon-core/packages/mapping_package)
[2.778s] DEBUG:colcon.colcon_parallel_executor.executor.parallel:closing loop
[2.779s] DEBUG:colcon.colcon_parallel_executor.executor.parallel:loop closed
[2.779s] DEBUG:colcon.colcon_parallel_executor.executor.parallel:run_until_complete finished with '0'
[2.779s] DEBUG:colcon.colcon_core.event_reactor:joining thread
[2.794s] INFO:colcon.colcon_core.plugin_system:Skipping extension 'colcon_notification.desktop_notification.terminal_notifier': Not used on non-Darwin systems
[2.794s] INFO:colcon.colcon_core.plugin_system:Skipping extension 'colcon_notification.desktop_notification.win32': Not used on non-Windows systems
[2.794s] INFO:colcon.colcon_notification.desktop_notification:Sending desktop notification using 'notify2'
[2.840s] DEBUG:colcon.colcon_core.event_reactor:joined thread
[2.841s] INFO:colcon.colcon_core.shell:Creating prefix script '/home/soham/ros2_ws/install/local_setup.ps1'
[2.844s] INFO:colcon.colcon_core.shell:Creating prefix util module '/home/soham/ros2_ws/install/_local_setup_util_ps1.py'
[2.849s] INFO:colcon.colcon_core.shell:Creating prefix chain script '/home/soham/ros2_ws/install/setup.ps1'
[2.854s] INFO:colcon.colcon_core.shell:Creating prefix script '/home/soham/ros2_ws/install/local_setup.sh'
[2.858s] INFO:colcon.colcon_core.shell:Creating prefix util module '/home/soham/ros2_ws/install/_local_setup_util_sh.py'
[2.859s] INFO:colcon.colcon_core.shell:Creating prefix chain script '/home/soham/ros2_ws/install/setup.sh'
[2.862s] INFO:colcon.colcon_core.shell:Creating prefix script '/home/soham/ros2_ws/install/local_setup.bash'
[2.864s] INFO:colcon.colcon_core.shell:Creating prefix chain script '/home/soham/ros2_ws/install/setup.bash'
[2.868s] INFO:colcon.colcon_core.shell:Creating prefix script '/home/soham/ros2_ws/install/local_setup.zsh'
[2.870s] INFO:colcon.colcon_core.shell:Creating prefix chain script '/home/soham/ros2_ws/install/setup.zsh'
