[1.058s] Invoking command in '/home/soham/ros2_ws/src/mapping_package': PYTHONPATH=/home/soham/ros2_ws/build/mapping_package/prefix_override:/usr/lib/python3/dist-packages/colcon_core/task/python/colcon_distutils_commands:/home/soham/ros2_ws/install/mapping_package/lib/python3.10/site-packages:${PYTHONPATH} /usr/bin/python3 -W ignore:setup.py install is deprecated setup.py egg_info --egg-base ../../build/mapping_package build --build-base /home/soham/ros2_ws/build/mapping_package/build install --record /home/soham/ros2_ws/build/mapping_package/install.log --single-version-externally-managed install_data
[1.495s] running egg_info
[1.497s] writing ../../build/mapping_package/mapping_package.egg-info/PKG-INFO
[1.498s] writing dependency_links to ../../build/mapping_package/mapping_package.egg-info/dependency_links.txt
[1.498s] writing entry points to ../../build/mapping_package/mapping_package.egg-info/entry_points.txt
[1.499s] writing requirements to ../../build/mapping_package/mapping_package.egg-info/requires.txt
[1.499s] writing top-level names to ../../build/mapping_package/mapping_package.egg-info/top_level.txt
[1.502s] reading manifest file '../../build/mapping_package/mapping_package.egg-info/SOURCES.txt'
[1.503s] adding license file 'LICENSE'
[1.504s] writing manifest file '../../build/mapping_package/mapping_package.egg-info/SOURCES.txt'
[1.505s] running build
[1.505s] running build_py
[1.506s] copying mapping_package/path_planning_node.py -> /home/soham/ros2_ws/build/mapping_package/build/lib/mapping_package
[1.507s] running install
[1.507s] running install_lib
[1.509s] copying /home/soham/ros2_ws/build/mapping_package/build/lib/mapping_package/path_planning_node.py -> /home/soham/ros2_ws/install/mapping_package/lib/python3.10/site-packages/mapping_package
[1.510s] byte-compiling /home/soham/ros2_ws/install/mapping_package/lib/python3.10/site-packages/mapping_package/path_planning_node.py to path_planning_node.cpython-310.pyc
[1.514s] running install_data
[1.515s] running install_egg_info
[1.518s] removing '/home/soham/ros2_ws/install/mapping_package/lib/python3.10/site-packages/mapping_package-0.0.0-py3.10.egg-info' (and everything under it)
[1.518s] Copying ../../build/mapping_package/mapping_package.egg-info to /home/soham/ros2_ws/install/mapping_package/lib/python3.10/site-packages/mapping_package-0.0.0-py3.10.egg-info
[1.519s] running install_scripts
[1.556s] Installing mapping_node script to /home/soham/ros2_ws/install/mapping_package/lib/mapping_package
[1.557s] Installing path_planning_node script to /home/soham/ros2_ws/install/mapping_package/lib/mapping_package
[1.557s] writing list of installed files to '/home/soham/ros2_ws/build/mapping_package/install.log'
[1.593s] Invoked command in '/home/soham/ros2_ws/src/mapping_package' returned '0': PYTHONPATH=/home/soham/ros2_ws/build/mapping_package/prefix_override:/usr/lib/python3/dist-packages/colcon_core/task/python/colcon_distutils_commands:/home/soham/ros2_ws/install/mapping_package/lib/python3.10/site-packages:${PYTHONPATH} /usr/bin/python3 -W ignore:setup.py install is deprecated setup.py egg_info --egg-base ../../build/mapping_package build --build-base /home/soham/ros2_ws/build/mapping_package/build install --record /home/soham/ros2_ws/build/mapping_package/install.log --single-version-externally-managed install_data
