[1.082s] Invoking command in '/home/soham/ros2_ws/src/mapping_package': PYTHONPATH=/home/soham/ros2_ws/build/mapping_package/prefix_override:/usr/lib/python3/dist-packages/colcon_core/task/python/colcon_distutils_commands:/home/soham/ros2_ws/install/mapping_package/lib/python3.10/site-packages:${PYTHONPATH} /usr/bin/python3 -W ignore:setup.py install is deprecated setup.py egg_info --egg-base ../../build/mapping_package build --build-base /home/soham/ros2_ws/build/mapping_package/build install --record /home/soham/ros2_ws/build/mapping_package/install.log --single-version-externally-managed install_data
[1.546s] running egg_info
[1.548s] writing ../../build/mapping_package/mapping_package.egg-info/PKG-INFO
[1.549s] writing dependency_links to ../../build/mapping_package/mapping_package.egg-info/dependency_links.txt
[1.549s] writing entry points to ../../build/mapping_package/mapping_package.egg-info/entry_points.txt
[1.550s] writing requirements to ../../build/mapping_package/mapping_package.egg-info/requires.txt
[1.550s] writing top-level names to ../../build/mapping_package/mapping_package.egg-info/top_level.txt
[1.552s] reading manifest file '../../build/mapping_package/mapping_package.egg-info/SOURCES.txt'
[1.553s] adding license file 'LICENSE'
[1.555s] writing manifest file '../../build/mapping_package/mapping_package.egg-info/SOURCES.txt'
[1.555s] running build
[1.555s] running build_py
[1.556s] running install
[1.556s] running install_lib
[1.559s] running install_data
[1.559s] running install_egg_info
[1.561s] removing '/home/soham/ros2_ws/install/mapping_package/lib/python3.10/site-packages/mapping_package-0.0.0-py3.10.egg-info' (and everything under it)
[1.562s] Copying ../../build/mapping_package/mapping_package.egg-info to /home/soham/ros2_ws/install/mapping_package/lib/python3.10/site-packages/mapping_package-0.0.0-py3.10.egg-info
[1.563s] running install_scripts
[1.598s] Installing mapping_node script to /home/soham/ros2_ws/install/mapping_package/lib/mapping_package
[1.598s] Installing path_planning_node script to /home/soham/ros2_ws/install/mapping_package/lib/mapping_package
[1.599s] writing list of installed files to '/home/soham/ros2_ws/build/mapping_package/install.log'
[1.645s] Invoked command in '/home/soham/ros2_ws/src/mapping_package' returned '0': PYTHONPATH=/home/soham/ros2_ws/build/mapping_package/prefix_override:/usr/lib/python3/dist-packages/colcon_core/task/python/colcon_distutils_commands:/home/soham/ros2_ws/install/mapping_package/lib/python3.10/site-packages:${PYTHONPATH} /usr/bin/python3 -W ignore:setup.py install is deprecated setup.py egg_info --egg-base ../../build/mapping_package build --build-base /home/soham/ros2_ws/build/mapping_package/build install --record /home/soham/ros2_ws/build/mapping_package/install.log --single-version-externally-managed install_data
